This is e-TeX, Version 3.141592-2.2 (MiKTeX 2.4) (preloaded format=latex 2010.9.26)  31 MAY 2012 11:14
entering extended mode
**atmArbiterIccd.tex
(atmArbiterIccd.tex
LaTeX2e <2005/12/01>
Babel <v3.8g> and hyphenation patterns for english, dumylang, nohyphenation, ge
rman, ngerman, french, loaded.
(IEEEtran.cls
Document Class: IEEEtran 2007/03/05 V1.7a by Michael Shell
-- See the "IEEEtran_HOWTO" manual for usage information.
-- http://www.michaelshell.org/tex/ieeetran/
\@IEEEtrantmpdimenA=\dimen102
\@IEEEtrantmpdimenB=\dimen103
\@IEEEtrantmpcountA=\count79
\@IEEEtrantmpcountB=\count80
\@IEEEtrantmptoksA=\toks14
LaTeX Font Info:    Try loading font information for OT1+ptm on input line 366.

(C:\CTeX\texmf\tex\latex\psnfss\ot1ptm.fd
File: ot1ptm.fd 2001/06/04 font definitions for OT1/ptm.
)
-- Using 8.5in x 11in (letter) paper.
-- Using DVI output.
\@IEEEnormalsizeunitybaselineskip=\dimen104
-- This is a 10 point document.
\CLASSINFOnormalsizebaselineskip=\dimen105
\CLASSINFOnormalsizeunitybaselineskip=\dimen106
\IEEEnormaljot=\dimen107
LaTeX Font Info:    Font shape `OT1/ptm/bx/n' in size <5> not available
(Font)              Font shape `OT1/ptm/b/n' tried instead on input line 724.
LaTeX Font Info:    Font shape `OT1/ptm/bx/it' in size <5> not available
(Font)              Font shape `OT1/ptm/b/it' tried instead on input line 724.
LaTeX Font Info:    Font shape `OT1/ptm/bx/n' in size <7> not available
(Font)              Font shape `OT1/ptm/b/n' tried instead on input line 724.
LaTeX Font Info:    Font shape `OT1/ptm/bx/it' in size <7> not available
(Font)              Font shape `OT1/ptm/b/it' tried instead on input line 724.
LaTeX Font Info:    Font shape `OT1/ptm/bx/n' in size <8> not available
(Font)              Font shape `OT1/ptm/b/n' tried instead on input line 724.
LaTeX Font Info:    Font shape `OT1/ptm/bx/it' in size <8> not available
(Font)              Font shape `OT1/ptm/b/it' tried instead on input line 724.
LaTeX Font Info:    Font shape `OT1/ptm/bx/n' in size <9> not available
(Font)              Font shape `OT1/ptm/b/n' tried instead on input line 724.
LaTeX Font Info:    Font shape `OT1/ptm/bx/it' in size <9> not available
(Font)              Font shape `OT1/ptm/b/it' tried instead on input line 724.
LaTeX Font Info:    Font shape `OT1/ptm/bx/n' in size <10> not available
(Font)              Font shape `OT1/ptm/b/n' tried instead on input line 724.
LaTeX Font Info:    Font shape `OT1/ptm/bx/it' in size <10> not available
(Font)              Font shape `OT1/ptm/b/it' tried instead on input line 724.
LaTeX Font Info:    Font shape `OT1/ptm/bx/n' in size <11> not available
(Font)              Font shape `OT1/ptm/b/n' tried instead on input line 724.
LaTeX Font Info:    Font shape `OT1/ptm/bx/it' in size <11> not available
(Font)              Font shape `OT1/ptm/b/it' tried instead on input line 724.
LaTeX Font Info:    Font shape `OT1/ptm/bx/n' in size <12> not available
(Font)              Font shape `OT1/ptm/b/n' tried instead on input line 724.
LaTeX Font Info:    Font shape `OT1/ptm/bx/it' in size <12> not available
(Font)              Font shape `OT1/ptm/b/it' tried instead on input line 724.
LaTeX Font Info:    Font shape `OT1/ptm/bx/n' in size <17> not available
(Font)              Font shape `OT1/ptm/b/n' tried instead on input line 724.
LaTeX Font Info:    Font shape `OT1/ptm/bx/it' in size <17> not available
(Font)              Font shape `OT1/ptm/b/it' tried instead on input line 724.
LaTeX Font Info:    Font shape `OT1/ptm/bx/n' in size <20> not available
(Font)              Font shape `OT1/ptm/b/n' tried instead on input line 724.
LaTeX Font Info:    Font shape `OT1/ptm/bx/it' in size <20> not available
(Font)              Font shape `OT1/ptm/b/it' tried instead on input line 724.
LaTeX Font Info:    Font shape `OT1/ptm/bx/n' in size <24> not available
(Font)              Font shape `OT1/ptm/b/n' tried instead on input line 724.
LaTeX Font Info:    Font shape `OT1/ptm/bx/it' in size <24> not available
(Font)              Font shape `OT1/ptm/b/it' tried instead on input line 724.
\IEEEilabelindentA=\dimen108
\IEEEilabelindentB=\dimen109
\IEEEilabelindent=\dimen110
\IEEEelabelindent=\dimen111
\IEEEdlabelindent=\dimen112
\IEEElabelindent=\dimen113
\IEEEiednormlabelsep=\dimen114
\IEEEiedmathlabelsep=\dimen115
\IEEEiedtopsep=\skip41
\c@section=\count81
\c@subsection=\count82
\c@subsubsection=\count83
\c@paragraph=\count84
\c@IEEEsubequation=\count85
\abovecaptionskip=\skip42
\belowcaptionskip=\skip43
\c@figure=\count86
\c@table=\count87
\@IEEEeqnnumcols=\count88
\@IEEEeqncolcnt=\count89
\@IEEEtmpitemindent=\dimen116
\c@IEEEbiography=\count90
\@IEEEtranrubishbin=\box26
) (C:\CTeX\texmf\tex\latex\ltxmisc\url.sty
\Urlmuskip=\muskip10
Package: url 2005/06/27  ver 3.2  Verb mode for urls, etc.
)
(C:\CTeX\texmf\tex\latex\amsfonts\amssymb.sty
Package: amssymb 2002/01/22 v2.2d

(C:\CTeX\texmf\tex\latex\amsfonts\amsfonts.sty
Package: amsfonts 2001/10/25 v2.2f
\@emptytoks=\toks15
\symAMSa=\mathgroup4
\symAMSb=\mathgroup5
LaTeX Font Info:    Overwriting math alphabet `\mathfrak' in version `bold'
(Font)                  U/euf/m/n --> U/euf/b/n on input line 132.
))
(C:\CTeX\texmf\tex\latex\psnfss\times.sty
Package: times 2005/04/12 PSNFSS-v9.2a (SPQR) 
)
(C:\CTeX\texmf\tex\latex\graphics\graphicx.sty
Package: graphicx 1999/02/16 v1.0f Enhanced LaTeX Graphics (DPC,SPQR)

(C:\CTeX\texmf\tex\latex\graphics\keyval.sty
Package: keyval 1999/03/16 v1.13 key=value parser (DPC)
\KV@toks@=\toks16
)
(C:\CTeX\texmf\tex\latex\graphics\graphics.sty
Package: graphics 2006/02/20 v1.0o Standard LaTeX Graphics (DPC,SPQR)

(C:\CTeX\texmf\tex\latex\graphics\trig.sty
Package: trig 1999/03/16 v1.09 sin cos tan (DPC)
)
(C:\CTeX\texmf\tex\latex\00miktex\graphics.cfg
File: graphics.cfg 2005/12/29 v1.2 MiKTeX 'graphics' configuration
)
Package graphics Info: Driver file: dvips.def on input line 90.

(C:\CTeX\texmf\tex\latex\graphics\dvips.def
File: dvips.def 1999/02/16 v3.0i Driver-dependant file (DPC,SPQR)
))
\Gin@req@height=\dimen117
\Gin@req@width=\dimen118
)
(C:\CTeX\texmf\tex\latex\graphics\lscape.sty
Package: lscape 2000/10/22 v3.01 Landscape Pages (DPC)
)
(C:\CTeX\texmf\tex\latex\moreverb\moreverb.sty
Package: moreverb 1997/12/07 v2.2d.2 `more' verbatim facilities

(C:\CTeX\texmf\tex\latex\tools\verbatim.sty
Package: verbatim 2003/08/22 v1.5q LaTeX2e package for verbatim enhancements
\every@verbatim=\toks17
\verbatim@line=\toks18
\verbatim@in@stream=\read1
)
\verbatim@out=\write3
\tab@position=\count91
\tab@size=\count92
\listing@line=\count93
)
(C:\CTeX\texmf\tex\latex\base\latexsym.sty
Package: latexsym 1998/08/17 v2.2e Standard LaTeX package (lasy symbols)
\symlasy=\mathgroup6
LaTeX Font Info:    Overwriting symbol font `lasy' in version `bold'
(Font)                  U/lasy/m/n --> U/lasy/b/n on input line 47.
)
(C:\CTeX\texmf\tex\latex\base\makeidx.sty
Package: makeidx 2000/03/29 v1.0m Standard LaTeX package
)
(C:\CTeX\texmf\tex\latex\amsmath\amsmath.sty
Package: amsmath 2000/07/18 v2.13 AMS math features
\@mathmargin=\skip44

For additional information on amsmath, use the `?' option.
(C:\CTeX\texmf\tex\latex\amsmath\amstext.sty
Package: amstext 2000/06/29 v2.01

(C:\CTeX\texmf\tex\latex\amsmath\amsgen.sty
File: amsgen.sty 1999/11/30 v2.0
\@emptytoks=\toks19
\ex@=\dimen119
))
(C:\CTeX\texmf\tex\latex\amsmath\amsbsy.sty
Package: amsbsy 1999/11/29 v1.2d
\pmbraise@=\dimen120
)
(C:\CTeX\texmf\tex\latex\amsmath\amsopn.sty
Package: amsopn 1999/12/14 v2.01 operator names
)
\inf@bad=\count94
LaTeX Info: Redefining \frac on input line 211.
\uproot@=\count95
\leftroot@=\count96
LaTeX Info: Redefining \overline on input line 307.
\classnum@=\count97
\DOTSCASE@=\count98
LaTeX Info: Redefining \ldots on input line 379.
LaTeX Info: Redefining \dots on input line 382.
LaTeX Info: Redefining \cdots on input line 467.
\Mathstrutbox@=\box27
\strutbox@=\box28
\big@size=\dimen121
LaTeX Font Info:    Redeclaring font encoding OML on input line 567.
LaTeX Font Info:    Redeclaring font encoding OMS on input line 568.
\macc@depth=\count99
\c@MaxMatrixCols=\count100
\dotsspace@=\muskip11
\c@parentequation=\count101
\dspbrk@lvl=\count102
\tag@help=\toks20
\row@=\count103
\column@=\count104
\maxfields@=\count105
\andhelp@=\toks21
\eqnshift@=\dimen122
\alignsep@=\dimen123
\tagshift@=\dimen124
\tagwidth@=\dimen125
\totwidth@=\dimen126
\lineht@=\dimen127
\@envbody=\toks22
\multlinegap=\skip45
\multlinetaggap=\skip46
\mathdisplay@stack=\toks23
LaTeX Info: Redefining \[ on input line 2666.
LaTeX Info: Redefining \] on input line 2667.
)
(C:\CTeX\texmf\tex\latex\graphics\color.sty
Package: color 2005/11/14 v1.0j Standard LaTeX Color (DPC)

(C:\CTeX\texmf\tex\latex\00miktex\color.cfg
File: color.cfg 2005/12/29 v1.1 MiKTeX 'color' configuration
)
Package color Info: Driver file: dvips.def on input line 130.

(C:\CTeX\texmf\tex\latex\graphics\dvipsnam.def
File: dvipsnam.def 1999/02/16 v3.0i Driver-dependant file (DPC,SPQR)
)) (isabelle.sty
\isa@parindent=\dimen128
\isa@parskip=\dimen129

(C:\CTeX\texmf\tex\latex\comment\comment.sty
\CommentStream=\write4
 Excluding comment 'comment')
Including comment 'isadelimtheory' Including comment 'isatagtheory'
Including comment 'isadelimproof' Including comment 'isatagproof'
Including comment 'isadelimML' Including comment 'isatagML'
Including comment 'isadelimvisible' Including comment 'isatagvisible'
Excluding comment 'isadeliminvisible' Excluding comment 'isataginvisible')
(isabellesym.sty) (C:\CTeX\texmf\tex\latex\tools\longtable.sty
Package: longtable 2004/02/01 v4.11 Multi-page Table package (DPC)
\LTleft=\skip47
\LTright=\skip48
\LTpre=\skip49
\LTpost=\skip50
\LTchunksize=\count106
\LTcapwidth=\dimen130
\LT@head=\box29
\LT@firsthead=\box30
\LT@foot=\box31
\LT@lastfoot=\box32
\LT@cols=\count107
\LT@rows=\count108
\c@LT@tables=\count109
\c@LT@chunks=\count110
\LT@p@ftn=\toks24
)
\c@theorem=\count111
\fminilength=\skip51
\fminibox=\box33
 (tcilatex.tex
TCILATEX Macros for Scientific Word 2.5 <22 Dec 95>.
NOTICE: This macro file is NOT proprietary and may be freely copied and distrib
uted.
\@hour=\count112
\@minute=\count113
\GRAPHICSTYPE=\count114
\draft=\count115
\dispkind=\count116
\c@chapter=\count117
\theight=\dimen131
LaTeX Info: Redefining \rm on input line 557.
LaTeX Info: Redefining \sf on input line 558.
LaTeX Info: Redefining \tt on input line 559.
LaTeX Info: Redefining \bf on input line 560.
LaTeX Info: Redefining \it on input line 561.
LaTeX Info: Redefining \sl on input line 562.
LaTeX Info: Redefining \sc on input line 563.
\c@equationnumber=\count118
amsgen already loaded) (atmArbiterIccd.aux)
LaTeX Font Info:    Checking defaults for OML/cmm/m/it on input line 75.
LaTeX Font Info:    ... okay on input line 75.
LaTeX Font Info:    Checking defaults for T1/cmr/m/n on input line 75.
LaTeX Font Info:    ... okay on input line 75.
LaTeX Font Info:    Checking defaults for OT1/cmr/m/n on input line 75.
LaTeX Font Info:    ... okay on input line 75.
LaTeX Font Info:    Checking defaults for OMS/cmsy/m/n on input line 75.
LaTeX Font Info:    ... okay on input line 75.
LaTeX Font Info:    Checking defaults for OMX/cmex/m/n on input line 75.
LaTeX Font Info:    ... okay on input line 75.
LaTeX Font Info:    Checking defaults for U/cmr/m/n on input line 75.
LaTeX Font Info:    ... okay on input line 75.
LaTeX Font Info:    Try loading font information for U+msa on input line 137.

(C:\CTeX\texmf\tex\latex\amsfonts\umsa.fd
File: umsa.fd 2002/01/19 v2.2g AMS font definitions
)
LaTeX Font Info:    Try loading font information for U+msb on input line 137.

(C:\CTeX\texmf\tex\latex\amsfonts\umsb.fd
File: umsb.fd 2002/01/19 v2.2g AMS font definitions
)
LaTeX Font Info:    Try loading font information for U+lasy on input line 137.

(C:\CTeX\texmf\tex\latex\base\ulasy.fd
File: ulasy.fd 1998/08/17 v2.2e LaTeX symbol font definitions
) [1


]
Underfull \hbox (badness 1377) in paragraph at lines 224--230
[][]\OT1/ptm/m/n/10 Although the prin-ci-ples of round-robin ar-bi-tra-tion are

 []

File: atmSwitch.eps Graphic file (type eps)
<atmSwitch.eps>
Overfull \hbox (6.0pt too wide) in paragraph at lines 415--416
 [][] 
 []

[2]
File: Arbiter.eps Graphic file (type eps)
 <Arbiter.eps>
Overfull \hbox (6.0pt too wide) in paragraph at lines 430--431
 [][] 
 []

File: memory.eps Graphic file (type eps)
<memory.eps>
LaTeX Font Info:    Try loading font information for OT1+phv on input line 582.

 (C:\CTeX\texmf\tex\latex\psnfss\ot1phv.fd
File: ot1phv.fd 2001/06/04 scalable font definitions for OT1/phv.
)
Underfull \hbox (badness 2065) in paragraph at lines 568--590
\OT1/ptm/m/n/10 when the Boolean ex-pres-sion $\OML/cmm/m/it/10 f$ \OT1/ptm/m/n
/10 is true, the tra-jec-tory
 []


Underfull \hbox (badness 2680) in paragraph at lines 568--590
\OT1/ptm/m/n/10 for-mula $\OML/cmm/m/it/10 b$ \OT1/ptm/m/n/10 holds, oth-er-wis
e all the nodes are set the
 []


Underfull \hbox (badness 1924) in paragraph at lines 568--590
\OT1/ptm/m/n/10 value $\OT1/cmss/m/n/10 X$\OT1/ptm/m/n/10 . The no-ta-tion $\OM
L/cmm/m/it/10 din [] bD$ \OT1/ptm/m/n/10 sim-ply ab-bre-vi-ates
 []

[3]
File: memoryGraph.eps Graphic file (type eps)
 <memoryGraph.eps>
File: gsteCollections.eps Graphic file (type eps)
 <gsteCollections.eps>
Underfull \vbox (badness 1515) has occurred while \output is active []

LaTeX Font Info:    Try loading font information for OT1+pcr on input line 653.


(C:\CTeX\texmf\tex\latex\psnfss\ot1pcr.fd
File: ot1pcr.fd 2001/06/04 font definitions for OT1/pcr.
) [4]
Underfull \hbox (badness 10000) in paragraph at lines 728--762
[][]\OT1/ptm/m/n/10 The ar-gu-ment of $\OML/cmm/m/it/10 requestSet$ \OT1/ptm/m/
n/10 in the func-tion
 []


Underfull \hbox (badness 2809) in paragraph at lines 728--762
\OT1/ptm/m/n/10 the re-quest set rep-re-sented by the Boolean val-ues of
 []


Underfull \hbox (badness 6001) in paragraph at lines 728--762
\OT1/ptm/m/n/10 a re-quest vec-tor in the hard-ware im-ple-men-ta-tion of
 []


Underfull \hbox (badness 5490) in paragraph at lines 728--762
\OT1/ptm/m/n/10 the ar-biter. Let $\OML/cmm/m/it/10 reqVect$ \OT1/ptm/m/n/10 be
 a Boolean vec-tor with
 []


Underfull \hbox (badness 4556) in paragraph at lines 728--762
\OT1/ptm/m/n/10 each bit in-di-cat-ing whether a cor-re-spond-ing in-put is
 []


Underfull \hbox (badness 3209) in paragraph at lines 728--762
\OT1/ptm/m/n/10 mak-ing a re-quest, $[]$ re-turns the set
 []


Underfull \hbox (badness 2065) in paragraph at lines 728--762
\OT1/ptm/m/n/10 of re-quests by scan-ning each bit in turn. If it holds
 []


Underfull \hbox (badness 1953) in paragraph at lines 728--762
\OT1/ptm/m/n/10 re-quest set. For in-stance, let $\OML/cmm/m/it/10 reqVect \OT1
/cmr/m/n/10 = [[]\OML/cmm/m/it/10 ; []; []; []\OT1/cmr/m/n/10 ]$\OT1/ptm/m/n/10
 ,
 []


Underfull \hbox (badness 8151) in paragraph at lines 728--762
\OT1/ptm/m/n/10 then $[] \OT1/cmr/m/n/10 4 \OML/cmm/m/it/10 reqVect \OT1/cmr/m/
n/10 = [0\OML/cmm/m/it/10 ; \OT1/cmr/m/n/10 2\OML/cmm/m/it/10 ; \OT1/cmr/m/n/10
 3]$\OT1/ptm/m/n/10 . 
 []


Underfull \hbox (badness 10000) in paragraph at lines 728--762
[]
 []


Underfull \hbox (badness 4341) in paragraph at lines 763--773
\OT1/ptm/m/n/10 suc-cess-ful in-put port in the pre-vi-ous ar-bi-tra-tion, and
 []


Underfull \hbox (badness 3646) in paragraph at lines 763--773
\OML/cmm/m/it/10 reqVect$ \OT1/ptm/m/n/10 be a Boolean vec-tor with each bit in
-di-cat-
 []

[5]
Overfull \hbox (10.1727pt too wide) in paragraph at lines 906--1011
 [] 
 []

File: ArbiterGraph.eps Graphic file (type eps)
<ArbiterGraph.eps>
Overfull \hbox (6.0pt too wide) in paragraph at lines 1102--1103
 [][] 
 []

[6]
File: figLiveness1.eps Graphic file (type eps)
 <figLiveness1.eps>
File: figLiveness2.eps Graphic file (type eps)
 <figLiveness2.eps> [7] [8]
Underfull \hbox (badness 1377) in paragraph at lines 1523--1532
\OT1/ptm/m/n/10 se-quent. The first is a tra-jec-tory tra-jec-tory for-mula as-

 []


Overfull \hbox (4.94743pt too wide) in paragraph at lines 1542--1599
 [] 
 []


Underfull \vbox (badness 1173) has occurred while \output is active []

 [9]
Underfull \hbox (badness 10000) in paragraph at lines 1703--1707
[][]\OT1/ptm/m/n/10 For in-stance, $[] \OT1/cmr/m/n/10 1 3 4 = [2\OML/cmm/m/it/
10 ; \OT1/cmr/m/n/10 3]$\OT1/ptm/m/n/10 ,
 []


Underfull \hbox (badness 2351) in paragraph at lines 1728--1746
[][]$[] \OML/cmm/m/it/10 s j N$ \OT1/ptm/m/n/10 is just the $\OML/cmm/m/it/10 s
eq$ \OT1/ptm/m/n/10 list which is de-
 []


Underfull \hbox (badness 1521) in paragraph at lines 1728--1746
\OT1/ptm/m/n/10 fined in sec-tion V[]. Let $\OML/cmm/m/it/10 seq[] \OT1/cmr/m/n
/10 = [\OML/cmm/m/it/10 vSet\OT1/cmr/m/n/10 ]@\OML/cmm/m/it/10 seq$\OT1/ptm/m/n
/10 . For any
 []


Underfull \hbox (badness 3058) in paragraph at lines 1728--1746
\OT1/ptm/m/n/10 in-dex $\OML/cmm/m/it/10 h; k$ \OT1/ptm/m/n/10 such that $\OT1/
cmr/m/n/10 0 \OMS/cmsy/m/n/10  \OML/cmm/m/it/10 h < k < [] seq[]$\OT1/ptm/m/n/
10 ,
 []

[10]
Underfull \hbox (badness 10000) in paragraph at lines 1796--1809

 []

(atmArbiterIccd.bbl)

** Conference Paper **
Before submitting the final camera ready copy, remember to:

 1. Manually equalize the lengths of two columns on the last page
 of your paper;

 2. Ensure that any PostScript and/or PDF output post-processing
 uses only Type 1 fonts and that every step in the generation
 process uses the appropriate paper size.

[11] (atmArbiterIccd.aux) )
(\end occurred when \ifx on line 678 was incomplete) 
Here is how much of TeX's memory you used:
 3654 strings out of 95889
 46413 string characters out of 1195117
 105570 words of memory out of 1092375
 6501 multiletter control sequences out of 60000
 37191 words of font info for 101 fonts, out of 1000000 for 2000
 14 hyphenation exceptions out of 4999
 27i,10n,24p,269b,409s stack positions out of 5000i,500n,10000p,200000b,32768s

Output written on atmArbiterIccd.dvi (11 pages, 100040 bytes).
